# JRE version: Java(TM) SE Runtime Environment (8.0_112-b15) (build 1.8.0_112-b15)
# Java VM: Java HotSpot(TM) 64-Bit Server VM (25.112-b15 mixed mode windows-amd64 compressed oops)
Heap:
 PSYoungGen      total 425984K, used 103122K [0x00000000d5580000, 0x00000000f5e00000, 0x0000000100000000)
  eden space 348672K, 8% used [0x00000000d5580000,0x00000000d71b7fb0,0x00000000eaa00000)
  from space 77312K, 96% used [0x00000000eff80000,0x00000000f47fc8c0,0x00000000f4b00000)
  to   space 87552K, 0% used [0x00000000eaa00000,0x00000000eaa00000,0x00000000eff80000)
 ParOldGen       total 296960K, used 164733K [0x0000000080000000, 0x0000000092200000, 0x00000000d5580000)
  object space 296960K, 55% used [0x0000000080000000,0x000000008a0df5e0,0x0000000092200000)
 Metaspace       used 6181K, capacity 7152K, committed 7296K, reserved 1056768K
  class space    used 599K, capacity 616K, committed 640K, reserved 1048576K
GC Heap History (10 events):
Event: 59.410 GC heap before
{Heap before GC invocations=10 (full 1):
 PSYoungGen      total 290816K, used 290794K [0x00000000d5580000, 0x00000000ea580000, 0x0000000100000000)
  eden space 259072K, 100% used [0x00000000d5580000,0x00000000e5280000,0x00000000e5280000)
  from space 31744K, 99% used [0x00000000e7880000,0x00000000e977a920,0x00000000e9780000)
  to   space 38912K, 0% used [0x00000000e5280000,0x00000000e5280000,0x00000000e7880000)
 ParOldGen       total 171008K, used 104329K [0x0000000080000000, 0x000000008a700000, 0x00000000d5580000)
  object space 171008K, 61% used [0x0000000080000000,0x00000000865e27f0,0x000000008a700000)
 Metaspace       used 6111K, capacity 7152K, committed 7296K, reserved 1056768K
  class space    used 599K, capacity 616K, committed 640K, reserved 1048576K
Event: 59.562 GC heap after
Heap after GC invocations=10 (full 1):
 PSYoungGen      total 297984K, used 38899K [0x00000000d5580000, 0x00000000f1a80000, 0x0000000100000000)
  eden space 259072K, 0% used [0x00000000d5580000,0x00000000d5580000,0x00000000e5280000)
  from space 38912K, 99% used [0x00000000e5280000,0x00000000e787cc90,0x00000000e7880000)
  to   space 75776K, 0% used [0x00000000ed080000,0x00000000ed080000,0x00000000f1a80000)
 ParOldGen       total 171008K, used 134764K [0x0000000080000000, 0x000000008a700000, 0x00000000d5580000)
  object space 171008K, 78% used [0x0000000080000000,0x000000008839b0b8,0x000000008a700000)
 Metaspace       used 6111K, capacity 7152K, committed 7296K, reserved 1056768K
  class space    used 599K, capacity 616K, committed 640K, reserved 1048576K
}
Event: 67.588 GC heap before
{Heap before GC invocations=11 (full 1):
 PSYoungGen      total 297984K, used 297971K [0x00000000d5580000, 0x00000000f1a80000, 0x0000000100000000)
  eden space 259072K, 100% used [0x00000000d5580000,0x00000000e5280000,0x00000000e5280000)
  from space 38912K, 99% used [0x00000000e5280000,0x00000000e787cc90,0x00000000e7880000)
  to   space 75776K, 0% used [0x00000000ed080000,0x00000000ed080000,0x00000000f1a80000)
 ParOldGen       total 171008K, used 134764K [0x0000000080000000, 0x000000008a700000, 0x00000000d5580000)
  object space 171008K, 78% used [0x0000000080000000,0x000000008839b0b8,0x000000008a700000)
 Metaspace       used 6119K, capacity 7152K, committed 7296K, reserved 1056768K
  class space    used 599K, capacity 616K, committed 640K, reserved 1048576K
Event: 68.159 GC heap after
Heap after GC invocations=11 (full 1):
 PSYoungGen      total 387072K, used 46650K [0x00000000d5580000, 0x00000000f2280000, 0x0000000100000000)
  eden space 311296K, 0% used [0x00000000d5580000,0x00000000d5580000,0x00000000e8580000)
  from space 75776K, 61% used [0x00000000ed080000,0x00000000efe0e990,0x00000000f1a80000)
  to   space 76800K, 0% used [0x00000000e8580000,0x00000000e8580000,0x00000000ed080000)
 ParOldGen       total 171008K, used 161030K [0x0000000080000000, 0x000000008a700000, 0x00000000d5580000)
  object space 171008K, 94% used [0x0000000080000000,0x0000000089d41ba0,0x000000008a700000)
 Metaspace       used 6119K, capacity 7152K, committed 7296K, reserved 1056768K
  class space    used 599K, capacity 616K, committed 640K, reserved 1048576K
}
Event: 68.159 GC heap before
{Heap before GC invocations=12 (full 2):
 PSYoungGen      total 387072K, used 46650K [0x00000000d5580000, 0x00000000f2280000, 0x0000000100000000)
  eden space 311296K, 0% used [0x00000000d5580000,0x00000000d5580000,0x00000000e8580000)
  from space 75776K, 61% used [0x00000000ed080000,0x00000000efe0e990,0x00000000f1a80000)
  to   space 76800K, 0% used [0x00000000e8580000,0x00000000e8580000,0x00000000ed080000)
 ParOldGen       total 171008K, used 161030K [0x0000000080000000, 0x000000008a700000, 0x00000000d5580000)
  object space 171008K, 94% used [0x0000000080000000,0x0000000089d41ba0,0x000000008a700000)
 Metaspace       used 6119K, capacity 7152K, committed 7296K, reserved 1056768K
  class space    used 599K, capacity 616K, committed 640K, reserved 1048576K
Event: 72.890 GC heap after
Heap after GC invocations=12 (full 2):
 PSYoungGen      total 387072K, used 0K [0x00000000d5580000, 0x00000000f2280000, 0x0000000100000000)
  eden space 311296K, 0% used [0x00000000d5580000,0x00000000d5580000,0x00000000e8580000)
  from space 75776K, 0% used [0x00000000ed080000,0x00000000ed080000,0x00000000f1a80000)
  to   space 76800K, 0% used [0x00000000e8580000,0x00000000e8580000,0x00000000ed080000)
 ParOldGen       total 296960K, used 164717K [0x0000000080000000, 0x0000000092200000, 0x00000000d5580000)
  object space 296960K, 55% used [0x0000000080000000,0x000000008a0db5e0,0x0000000092200000)
 Metaspace       used 6119K, capacity 7152K, committed 7296K, reserved 1056768K
  class space    used 599K, capacity 616K, committed 640K, reserved 1048576K
}
Event: 82.193 GC heap before
{Heap before GC invocations=13 (full 2):
 PSYoungGen      total 387072K, used 311296K [0x00000000d5580000, 0x00000000f2280000, 0x0000000100000000)
  eden space 311296K, 100% used [0x00000000d5580000,0x00000000e8580000,0x00000000e8580000)
  from space 75776K, 0% used [0x00000000ed080000,0x00000000ed080000,0x00000000f1a80000)
  to   space 76800K, 0% used [0x00000000e8580000,0x00000000e8580000,0x00000000ed080000)
 ParOldGen       total 296960K, used 164717K [0x0000000080000000, 0x0000000092200000, 0x00000000d5580000)
  object space 296960K, 55% used [0x0000000080000000,0x000000008a0db5e0,0x0000000092200000)
 Metaspace       used 6157K, capacity 7152K, committed 7296K, reserved 1056768K
  class space    used 599K, capacity 616K, committed 640K, reserved 1048576K
Event: 82.649 GC heap after
Heap after GC invocations=13 (full 2):
 PSYoungGen      total 388096K, used 46425K [0x00000000d5580000, 0x00000000f4b00000, 0x0000000100000000)
  eden space 311296K, 0% used [0x00000000d5580000,0x00000000d5580000,0x00000000e8580000)
  from space 76800K, 60% used [0x00000000e8580000,0x00000000eb2d6570,0x00000000ed080000)
  to   space 77312K, 0% used [0x00000000eff80000,0x00000000eff80000,0x00000000f4b00000)
 ParOldGen       total 296960K, used 164725K [0x0000000080000000, 0x0000000092200000, 0x00000000d5580000)
  object space 296960K, 55% used [0x0000000080000000,0x000000008a0dd5e0,0x0000000092200000)
 Metaspace       used 6157K, capacity 7152K, committed 7296K, reserved 1056768K
  class space    used 599K, capacity 616K, committed 640K, reserved 1048576K
}
Event: 98.817 GC heap before
{Heap before GC invocations=14 (full 2):
 PSYoungGen      total 388096K, used 357721K [0x00000000d5580000, 0x00000000f4b00000, 0x0000000100000000)
  eden space 311296K, 100% used [0x00000000d5580000,0x00000000e8580000,0x00000000e8580000)
  from space 76800K, 60% used [0x00000000e8580000,0x00000000eb2d6570,0x00000000ed080000)
  to   space 77312K, 0% used [0x00000000eff80000,0x00000000eff80000,0x00000000f4b00000)
 ParOldGen       total 296960K, used 164725K [0x0000000080000000, 0x0000000092200000, 0x00000000d5580000)
  object space 296960K, 55% used [0x0000000080000000,0x000000008a0dd5e0,0x0000000092200000)
 Metaspace       used 6169K, capacity 7152K, committed 7296K, reserved 1056768K
  class space    used 599K, capacity 616K, committed 640K, reserved 1048576K
Event: 99.434 GC heap after
Heap after GC invocations=14 (full 2):
 PSYoungGen      total 425984K, used 74226K [0x00000000d5580000, 0x00000000f5e00000, 0x0000000100000000)
  eden space 348672K, 0% used [0x00000000d5580000,0x00000000d5580000,0x00000000eaa00000)
  from space 77312K, 96% used [0x00000000eff80000,0x00000000f47fc8c0,0x00000000f4b00000)
  to   space 87552K, 0% used [0x00000000eaa00000,0x00000000eaa00000,0x00000000eff80000)
 ParOldGen       total 296960K, used 164733K [0x0000000080000000, 0x0000000092200000, 0x00000000d5580000)
  object space 296960K, 55% used [0x0000000080000000,0x000000008a0df5e0,0x0000000092200000)
 Metaspace       used 6169K, capacity 7152K, committed 7296K, reserved 1056768K
  class space    used 599K, capacity 616K, committed 640K, reserved 1048576K
}

