# JRE version: Java(TM) SE Runtime Environment (8.0_112-b15) (build 1.8.0_112-b15)
# Java VM: Java HotSpot(TM) 64-Bit Server VM (25.112-b15 mixed mode windows-amd64 compressed oops)
Heap:
 PSYoungGen      total 533504K, used 121491K [0x00000000d5580000, 0x00000000fe300000, 0x0000000100000000)
  eden space 425984K, 3% used [0x00000000d5580000,0x00000000d6620ac0,0x00000000ef580000)
  from space 107520K, 97% used [0x00000000ef580000,0x00000000f5b844a8,0x00000000f5e80000)
  to   space 83968K, 0% used [0x00000000f5e80000,0x00000000f5e80000,0x00000000fb080000)
 ParOldGen       total 273920K, used 211846K [0x0000000080000000, 0x0000000090b80000, 0x00000000d5580000)
  object space 273920K, 77% used [0x0000000080000000,0x000000008cee1ad0,0x0000000090b80000)
 Metaspace       used 6190K, capacity 7152K, committed 7296K, reserved 1056768K
  class space    used 599K, capacity 616K, committed 640K, reserved 1048576K
GC Heap History (10 events):
Event: 73.251 GC heap before
{Heap before GC invocations=13 (full 1):
 PSYoungGen      total 368128K, used 368108K [0x00000000d5580000, 0x00000000f5d00000, 0x0000000100000000)
  eden space 314368K, 100% used [0x00000000d5580000,0x00000000e8880000,0x00000000e8880000)
  from space 53760K, 99% used [0x00000000e8880000,0x00000000ebcfb0d0,0x00000000ebd00000)
  to   space 69632K, 0% used [0x00000000f1900000,0x00000000f1900000,0x00000000f5d00000)
 ParOldGen       total 154624K, used 106937K [0x0000000080000000, 0x0000000089700000, 0x00000000d5580000)
  object space 154624K, 69% used [0x0000000080000000,0x000000008686e760,0x0000000089700000)
 Metaspace       used 6118K, capacity 7152K, committed 7296K, reserved 1056768K
  class space    used 599K, capacity 616K, committed 640K, reserved 1048576K
Event: 73.659 GC heap after
Heap after GC invocations=13 (full 1):
 PSYoungGen      total 458240K, used 51857K [0x00000000d5580000, 0x00000000f6180000, 0x0000000100000000)
  eden space 388608K, 0% used [0x00000000d5580000,0x00000000d5580000,0x00000000ed100000)
  from space 69632K, 74% used [0x00000000f1900000,0x00000000f4ba45d8,0x00000000f5d00000)
  to   space 73728K, 0% used [0x00000000ed100000,0x00000000ed100000,0x00000000f1900000)
 ParOldGen       total 154624K, used 148757K [0x0000000080000000, 0x0000000089700000, 0x00000000d5580000)
  object space 154624K, 96% used [0x0000000080000000,0x0000000089145548,0x0000000089700000)
 Metaspace       used 6118K, capacity 7152K, committed 7296K, reserved 1056768K
  class space    used 599K, capacity 616K, committed 640K, reserved 1048576K
}
Event: 73.659 GC heap before
{Heap before GC invocations=14 (full 2):
 PSYoungGen      total 458240K, used 51857K [0x00000000d5580000, 0x00000000f6180000, 0x0000000100000000)
  eden space 388608K, 0% used [0x00000000d5580000,0x00000000d5580000,0x00000000ed100000)
  from space 69632K, 74% used [0x00000000f1900000,0x00000000f4ba45d8,0x00000000f5d00000)
  to   space 73728K, 0% used [0x00000000ed100000,0x00000000ed100000,0x00000000f1900000)
 ParOldGen       total 154624K, used 148757K [0x0000000080000000, 0x0000000089700000, 0x00000000d5580000)
  object space 154624K, 96% used [0x0000000080000000,0x0000000089145548,0x0000000089700000)
 Metaspace       used 6118K, capacity 7152K, committed 7296K, reserved 1056768K
  class space    used 599K, capacity 616K, committed 640K, reserved 1048576K
Event: 82.251 GC heap after
Heap after GC invocations=14 (full 2):
 PSYoungGen      total 458240K, used 29157K [0x00000000d5580000, 0x00000000f6180000, 0x0000000100000000)
  eden space 388608K, 0% used [0x00000000d5580000,0x00000000d5580000,0x00000000ed100000)
  from space 69632K, 41% used [0x00000000f1900000,0x00000000f3579480,0x00000000f5d00000)
  to   space 73728K, 0% used [0x00000000ed100000,0x00000000ed100000,0x00000000f1900000)
 ParOldGen       total 273920K, used 154447K [0x0000000080000000, 0x0000000090b80000, 0x00000000d5580000)
  object space 273920K, 56% used [0x0000000080000000,0x00000000896d3cd8,0x0000000090b80000)
 Metaspace       used 6118K, capacity 7152K, committed 7296K, reserved 1056768K
  class space    used 599K, capacity 616K, committed 640K, reserved 1048576K
}
Event: 94.122 GC heap before
{Heap before GC invocations=15 (full 2):
 PSYoungGen      total 458240K, used 417765K [0x00000000d5580000, 0x00000000f6180000, 0x0000000100000000)
  eden space 388608K, 100% used [0x00000000d5580000,0x00000000ed100000,0x00000000ed100000)
  from space 69632K, 41% used [0x00000000f1900000,0x00000000f3579480,0x00000000f5d00000)
  to   space 73728K, 0% used [0x00000000ed100000,0x00000000ed100000,0x00000000f1900000)
 ParOldGen       total 273920K, used 154447K [0x0000000080000000, 0x0000000090b80000, 0x00000000d5580000)
  object space 273920K, 56% used [0x0000000080000000,0x00000000896d3cd8,0x0000000090b80000)
 Metaspace       used 6169K, capacity 7152K, committed 7296K, reserved 1056768K
  class space    used 599K, capacity 616K, committed 640K, reserved 1048576K
Event: 94.520 GC heap after
Heap after GC invocations=15 (full 2):
 PSYoungGen      total 462336K, used 69907K [0x00000000d5580000, 0x00000000fb080000, 0x0000000100000000)
  eden space 388608K, 0% used [0x00000000d5580000,0x00000000d5580000,0x00000000ed100000)
  from space 73728K, 94% used [0x00000000ed100000,0x00000000f1544ce0,0x00000000f1900000)
  to   space 83968K, 0% used [0x00000000f5e80000,0x00000000f5e80000,0x00000000fb080000)
 ParOldGen       total 273920K, used 154455K [0x0000000080000000, 0x0000000090b80000, 0x00000000d5580000)
  object space 273920K, 56% used [0x0000000080000000,0x00000000896d5cd8,0x0000000090b80000)
 Metaspace       used 6169K, capacity 7152K, committed 7296K, reserved 1056768K
  class space    used 599K, capacity 616K, committed 640K, reserved 1048576K
}
Event: 102.745 GC heap before
{Heap before GC invocations=16 (full 2):
 PSYoungGen      total 462336K, used 458515K [0x00000000d5580000, 0x00000000fb080000, 0x0000000100000000)
  eden space 388608K, 100% used [0x00000000d5580000,0x00000000ed100000,0x00000000ed100000)
  from space 73728K, 94% used [0x00000000ed100000,0x00000000f1544ce0,0x00000000f1900000)
  to   space 83968K, 0% used [0x00000000f5e80000,0x00000000f5e80000,0x00000000fb080000)
 ParOldGen       total 273920K, used 154455K [0x0000000080000000, 0x0000000090b80000, 0x00000000d5580000)
  object space 273920K, 56% used [0x0000000080000000,0x00000000896d5cd8,0x0000000090b80000)
 Metaspace       used 6189K, capacity 7152K, committed 7296K, reserved 1056768K
  class space    used 599K, capacity 616K, committed 640K, reserved 1048576K
Event: 103.345 GC heap after
Heap after GC invocations=16 (full 2):
 PSYoungGen      total 509952K, used 83952K [0x00000000d5580000, 0x00000000fe300000, 0x0000000100000000)
  eden space 425984K, 0% used [0x00000000d5580000,0x00000000d5580000,0x00000000ef580000)
  from space 83968K, 99% used [0x00000000f5e80000,0x00000000fb07c2c8,0x00000000fb080000)
  to   space 107520K, 0% used [0x00000000ef580000,0x00000000ef580000,0x00000000f5e80000)
 ParOldGen       total 273920K, used 182729K [0x0000000080000000, 0x0000000090b80000, 0x00000000d5580000)
  object space 273920K, 66% used [0x0000000080000000,0x000000008b2726c0,0x0000000090b80000)
 Metaspace       used 6189K, capacity 7152K, committed 7296K, reserved 1056768K
  class space    used 599K, capacity 616K, committed 640K, reserved 1048576K
}
Event: 121.805 GC heap before
{Heap before GC invocations=17 (full 2):
 PSYoungGen      total 509952K, used 509936K [0x00000000d5580000, 0x00000000fe300000, 0x0000000100000000)
  eden space 425984K, 100% used [0x00000000d5580000,0x00000000ef580000,0x00000000ef580000)
  from space 83968K, 99% used [0x00000000f5e80000,0x00000000fb07c2c8,0x00000000fb080000)
  to   space 107520K, 0% used [0x00000000ef580000,0x00000000ef580000,0x00000000f5e80000)
 ParOldGen       total 273920K, used 182729K [0x0000000080000000, 0x0000000090b80000, 0x00000000d5580000)
  object space 273920K, 66% used [0x0000000080000000,0x000000008b2726c0,0x0000000090b80000)
 Metaspace       used 6190K, capacity 7152K, committed 7296K, reserved 1056768K
  class space    used 599K, capacity 616K, committed 640K, reserved 1048576K
Event: 124.934 GC heap after
Heap after GC invocations=17 (full 2):
 PSYoungGen      total 533504K, used 104465K [0x00000000d5580000, 0x00000000fe300000, 0x0000000100000000)
  eden space 425984K, 0% used [0x00000000d5580000,0x00000000d5580000,0x00000000ef580000)
  from space 107520K, 97% used [0x00000000ef580000,0x00000000f5b844a8,0x00000000f5e80000)
  to   space 83968K, 0% used [0x00000000f5e80000,0x00000000f5e80000,0x00000000fb080000)
 ParOldGen       total 273920K, used 211846K [0x0000000080000000, 0x0000000090b80000, 0x00000000d5580000)
  object space 273920K, 77% used [0x0000000080000000,0x000000008cee1ad0,0x0000000090b80000)
 Metaspace       used 6190K, capacity 7152K, committed 7296K, reserved 1056768K
  class space    used 599K, capacity 616K, committed 640K, reserved 1048576K
}

